Traceback (most recent call last):
  File "/home/petri/venv/python3/lib/python3.9/site-packages/jupyter_cache/executors/utils.py", line 51, in single_nb_execution
    executenb(
  File "/home/petri/venv/python3/lib/python3.9/site-packages/nbclient/client.py", line 1117, in execute
    return NotebookClient(nb=nb, resources=resources, km=km, **kwargs).execute()
  File "/home/petri/venv/python3/lib/python3.9/site-packages/nbclient/util.py", line 78, in wrapped
    return just_run(coro(*args, **kwargs))
  File "/home/petri/venv/python3/lib/python3.9/site-packages/nbclient/util.py", line 57, in just_run
    return loop.run_until_complete(coro)
  File "/usr/lib/python3.9/asyncio/base_events.py", line 642, in run_until_complete
    return future.result()
  File "/home/petri/venv/python3/lib/python3.9/site-packages/nbclient/client.py", line 558, in async_execute
    await self.async_execute_cell(
  File "/home/petri/venv/python3/lib/python3.9/site-packages/nbclient/client.py", line 862, in async_execute_cell
    self._check_raise_for_error(cell, exec_reply)
  File "/home/petri/venv/python3/lib/python3.9/site-packages/nbclient/client.py", line 765, in _check_raise_for_error
    raise CellExecutionError.from_cell_and_msg(cell, exec_reply_content)
nbclient.exceptions.CellExecutionError: An error occurred while executing the following cell:
------------------
### Tests for your code, Do not change!
### -----------------------------------
import numpy as np
rms_flat = lambda x: np.sqrt(np.mean(np.square(x)))

x1=np.array([2,2,2,2,2])
assert(myRMS(x1)==2)

x2=np.array([3,4,5.2,8,-2,0,1.2])
assert(myRMS(x2)==rms_flat(x2))

x3=np.random.normal(5,2,size=500)
assert(myRMS(x3)==rms_flat(x3))

# Time it
x4=np.random.normal(5,2,size=1000000)
%time myRMS(x4)

------------------

[0;31m---------------------------------------------------------------------------[0m
[0;31mAssertionError[0m                            Traceback (most recent call last)
[0;32m/tmp/ipykernel_11165/549931309.py[0m in [0;36m<module>[0;34m[0m
[1;32m      5[0m [0;34m[0m[0m
[1;32m      6[0m [0mx1[0m[0;34m=[0m[0mnp[0m[0;34m.[0m[0marray[0m[0;34m([0m[0;34m[[0m[0;36m2[0m[0;34m,[0m[0;36m2[0m[0;34m,[0m[0;36m2[0m[0;34m,[0m[0;36m2[0m[0;34m,[0m[0;36m2[0m[0;34m][0m[0;34m)[0m[0;34m[0m[0;34m[0m[0m
[0;32m----> 7[0;31m [0;32massert[0m[0;34m([0m[0mmyRMS[0m[0;34m([0m[0mx1[0m[0;34m)[0m[0;34m==[0m[0;36m2[0m[0;34m)[0m[0;34m[0m[0;34m[0m[0m
[0m[1;32m      8[0m [0;34m[0m[0m
[1;32m      9[0m [0mx2[0m[0;34m=[0m[0mnp[0m[0;34m.[0m[0marray[0m[0;34m([0m[0;34m[[0m[0;36m3[0m[0;34m,[0m[0;36m4[0m[0;34m,[0m[0;36m5.2[0m[0;34m,[0m[0;36m8[0m[0;34m,[0m[0;34m-[0m[0;36m2[0m[0;34m,[0m[0;36m0[0m[0;34m,[0m[0;36m1.2[0m[0;34m][0m[0;34m)[0m[0;34m[0m[0;34m[0m[0m

[0;31mAssertionError[0m: 
AssertionError: 

