Traceback (most recent call last):
  File "/home/petri/venv/python3/lib/python3.9/site-packages/jupyter_cache/executors/utils.py", line 51, in single_nb_execution
    executenb(
  File "/home/petri/venv/python3/lib/python3.9/site-packages/nbclient/client.py", line 1117, in execute
    return NotebookClient(nb=nb, resources=resources, km=km, **kwargs).execute()
  File "/home/petri/venv/python3/lib/python3.9/site-packages/nbclient/util.py", line 78, in wrapped
    return just_run(coro(*args, **kwargs))
  File "/home/petri/venv/python3/lib/python3.9/site-packages/nbclient/util.py", line 57, in just_run
    return loop.run_until_complete(coro)
  File "/usr/lib/python3.9/asyncio/base_events.py", line 642, in run_until_complete
    return future.result()
  File "/home/petri/venv/python3/lib/python3.9/site-packages/nbclient/client.py", line 558, in async_execute
    await self.async_execute_cell(
  File "/home/petri/venv/python3/lib/python3.9/site-packages/nbclient/client.py", line 862, in async_execute_cell
    self._check_raise_for_error(cell, exec_reply)
  File "/home/petri/venv/python3/lib/python3.9/site-packages/nbclient/client.py", line 765, in _check_raise_for_error
    raise CellExecutionError.from_cell_and_msg(cell, exec_reply_content)
nbclient.exceptions.CellExecutionError: An error occurred while executing the following cell:
------------------
# Standard libraries to be used
import glob
import matplotlib.pyplot as plt
import numpy as np
plt.style.use('fivethirtyeight')

# A regular experssion library. This is very usefull for text processing
import re

# Import the NLTK library
import nltk
from nltk.stem import SnowballStemmer, WordNetLemmatizer
from nltk.tokenize import word_tokenize, sent_tokenize
from nltk.corpus import PlaintextCorpusReader
from nltk.corpus import stopwords
from nltk import FreqDist

import gensim
from gensim import corpora
import pyLDAvis
from pyLDAvis import gensim_models
------------------

[0;31m---------------------------------------------------------------------------[0m
[0;31mModuleNotFoundError[0m                       Traceback (most recent call last)
[0;32m/tmp/ipykernel_1113901/4128229055.py[0m in [0;36m<module>[0;34m[0m
[1;32m      9[0m [0;34m[0m[0m
[1;32m     10[0m [0;31m# Import the NLTK library[0m[0;34m[0m[0;34m[0m[0;34m[0m[0m
[0;32m---> 11[0;31m [0;32mimport[0m [0mnltk[0m[0;34m[0m[0;34m[0m[0m
[0m[1;32m     12[0m [0;32mfrom[0m [0mnltk[0m[0;34m.[0m[0mstem[0m [0;32mimport[0m [0mSnowballStemmer[0m[0;34m,[0m [0mWordNetLemmatizer[0m[0;34m[0m[0;34m[0m[0m
[1;32m     13[0m [0;32mfrom[0m [0mnltk[0m[0;34m.[0m[0mtokenize[0m [0;32mimport[0m [0mword_tokenize[0m[0;34m,[0m [0msent_tokenize[0m[0;34m[0m[0;34m[0m[0m

[0;31mModuleNotFoundError[0m: No module named 'nltk'
ModuleNotFoundError: No module named 'nltk'

