Traceback (most recent call last):
  File "/home/petri/venv/python3/lib/python3.9/site-packages/jupyter_cache/executors/utils.py", line 51, in single_nb_execution
    executenb(
  File "/home/petri/venv/python3/lib/python3.9/site-packages/nbclient/client.py", line 1117, in execute
    return NotebookClient(nb=nb, resources=resources, km=km, **kwargs).execute()
  File "/home/petri/venv/python3/lib/python3.9/site-packages/nbclient/util.py", line 78, in wrapped
    return just_run(coro(*args, **kwargs))
  File "/home/petri/venv/python3/lib/python3.9/site-packages/nbclient/util.py", line 57, in just_run
    return loop.run_until_complete(coro)
  File "/usr/lib/python3.9/asyncio/base_events.py", line 642, in run_until_complete
    return future.result()
  File "/home/petri/venv/python3/lib/python3.9/site-packages/nbclient/client.py", line 558, in async_execute
    await self.async_execute_cell(
  File "/home/petri/venv/python3/lib/python3.9/site-packages/nbclient/client.py", line 862, in async_execute_cell
    self._check_raise_for_error(cell, exec_reply)
  File "/home/petri/venv/python3/lib/python3.9/site-packages/nbclient/client.py", line 765, in _check_raise_for_error
    raise CellExecutionError.from_cell_and_msg(cell, exec_reply_content)
nbclient.exceptions.CellExecutionError: An error occurred while executing the following cell:
------------------
from sklearn.neighbors.nearest_centroid import NearestCentroid
pipelineCentroid=Pipeline([
        ('Scaling', StandardScaler()),
        ('KNN', NearestCentroid())
    ])
pipelineCentroid.fit(X2s,y2)
predictedY=pipelineCentroid.predict(X2s)
print(metrics.accuracy_score(y_true=y2, y_pred=predictedY))
plotDB(pipelineCentroid, X2s, y2)
------------------

[0;31m---------------------------------------------------------------------------[0m
[0;31mModuleNotFoundError[0m                       Traceback (most recent call last)
[0;32m/tmp/ipykernel_1114748/2405771635.py[0m in [0;36m<module>[0;34m[0m
[0;32m----> 1[0;31m [0;32mfrom[0m [0msklearn[0m[0;34m.[0m[0mneighbors[0m[0;34m.[0m[0mnearest_centroid[0m [0;32mimport[0m [0mNearestCentroid[0m[0;34m[0m[0;34m[0m[0m
[0m[1;32m      2[0m pipelineCentroid=Pipeline([
[1;32m      3[0m         [0;34m([0m[0;34m'Scaling'[0m[0;34m,[0m [0mStandardScaler[0m[0;34m([0m[0;34m)[0m[0;34m)[0m[0;34m,[0m[0;34m[0m[0;34m[0m[0m
[1;32m      4[0m         [0;34m([0m[0;34m'KNN'[0m[0;34m,[0m [0mNearestCentroid[0m[0;34m([0m[0;34m)[0m[0;34m)[0m[0;34m[0m[0;34m[0m[0m
[1;32m      5[0m     ])

[0;31mModuleNotFoundError[0m: No module named 'sklearn.neighbors.nearest_centroid'
ModuleNotFoundError: No module named 'sklearn.neighbors.nearest_centroid'

